Removed Pin From Net: NetName=NetQ?_1 Pin=Q?-1
Removed Pin From Net: NetName=NetL10_1 Pin=Q?-2
Removed Pin From Net: NetName=NetL10_1 Pin=Q?-5
Removed Pin From Net: NetName=NetL10_1 Pin=Q?-6
Removed Pin From Net: NetName=NetL20_1 Pin=Q?-7
Removed Pin From Net: NetName=NetL20_1 Pin=Q?-8
Removed Pin From Net: NetName=NetQ?_3 Pin=R1-1
Removed Pin From Net: NetName=NetQ?_3 Pin=R1-1
Removed Pin From Net: NetName=NetQ?_1 Pin=R2-1
Removed Pin From Net: NetName=NetQ?_1 Pin=R2-1
Added Pin To Net: NetName=NetQ?_1 Pin=Q?-1
Added Pin To Net: NetName=NetL10_1 Pin=Q?-2
Added Pin To Net: NetName=NetL20_1 Pin=Q?-5
Added Pin To Net: NetName=NetL20_1 Pin=Q?-6
Added Pin To Net: NetName=NetL10_1 Pin=Q?-7
Added Pin To Net: NetName=NetL10_1 Pin=Q?-8
Added Pin To Net: NetName=NetQ?_1 Pin=R1-1
Added Pin To Net: NetName=NetQ?_1 Pin=R1-1
Added Pin To Net: NetName=NetQ?_3 Pin=R2-1
Added Pin To Net: NetName=NetQ?_3 Pin=R2-1
Added Member To Class: ClassName=Circadian2 Member=Component Q? NSS40301
Added Member To Class: ClassName=Circadian2 Member=Component R1 ERJ3GE
Added Member To Class: ClassName=Circadian2 Member=Component R2 ERJ3GE
Added Room: Name=Circadian2
