Removed Pin From Net: NetName=NetQ?_3 Pin=Q?-3
Removed Pin From Net: NetName=NetL10_1 Pin=Q?-4
Removed Pin From Net: NetName=NetL20_1 Pin=Q?-5
Removed Pin From Net: NetName=NetL20_1 Pin=Q?-6
Removed Pin From Net: NetName=NetQ?_1 Pin=R1-1
Removed Pin From Net: NetName=NetQ?_1 Pin=R1-1
Removed Pin From Net: NetName=LEDVOUT- Pin=R1-2
Removed Pin From Net: NetName=LEDVOUT- Pin=R1-2
Removed Pin From Net: NetName=NetQ?_3 Pin=R2-1
Removed Pin From Net: NetName=NetQ?_3 Pin=R2-1
Removed Pin From Net: NetName=LEDVOUT- Pin=R2-2
Removed Pin From Net: NetName=LEDVOUT- Pin=R2-2
Removed Pin From Net: NetName=GND Pin=R?-1
Removed Pin From Net: NetName=NetC?_1 Pin=R?-2
Removed Pin From Net: NetName=NetC?_1 Pin=R?-2
Removed Member From Class: ClassName=Circadian2 Member=R1
Removed Member From Class: ClassName=Circadian2 Member=R2
Change Component DesignItemId : Designator=R? Old DesignItemId=ERJ3EK New DesignItemId=RC0805FR-0710RL
Change Component Footprint: Designator=R? Old Footprint=3-0603 New Footprint=RES_SM0805_YAGEORC_N
Change Component Comment : Designator=R? Old Comment=ERJ3EK New Comment=10R
Added Component: Designator=R?(RES_SM0603_YAGEORC_N)
Added Component: Designator=R?(RES_SM0603_YAGEORC_N)
Added Component: Designator=R?(RES_SM0805_YAGEORC_N)
Added Pin To Net: NetName=NetQ?_3 Pin=Q?-3
Added Pin To Net: NetName=NetL10_1 Pin=Q?-4
Added Pin To Net: NetName=NetL20_1 Pin=Q?-5
Added Pin To Net: NetName=NetL20_1 Pin=Q?-6
Added Pin To Net: NetName=GND Pin=R?-1
Added Pin To Net: NetName=LEDVOUT- Pin=R?-1
Added Pin To Net: NetName=LEDVOUT- Pin=R?-1
Added Pin To Net: NetName=NetC?_1 Pin=R?-1
Added Pin To Net: NetName=NetC?_1 Pin=R?-2
Added Pin To Net: NetName=NetQ?_1 Pin=R?-2
Added Pin To Net: NetName=NetQ?_3 Pin=R?-2
Added Member To Class: ClassName=Circadian2 Member=Component Q? NSS40301
Added Member To Class: ClassName=Circadian2 Member=Component R? 10R
Added Member To Class: ClassName=Circadian2 Member=Component R? 10R
Added Member To Class: ClassName=Circadian2 Member=Component R? 10R
Added Room: Name=Circadian2
