Removed Pin From Net: NetName=LEDVOUT- Pin=R?-1
Removed Pin From Net: NetName=NetQ1_1 Pin=R?-2
Change Component Designator: OldDesignator=C? NewDesignator=C2
Change Component Designator: OldDesignator=FB? NewDesignator=FB1
Change Component Designator: OldDesignator=FB? NewDesignator=FB2
Change Component Designator: OldDesignator=FB? NewDesignator=FB3
Change Component Designator: OldDesignator=FB? NewDesignator=FB4
Change Component Designator: OldDesignator=R? NewDesignator=R1
Change Component Designator: OldDesignator=R? NewDesignator=R2
Change Component Designator: OldDesignator=R? NewDesignator=R4
Added Component: Designator=R3(RES_SM0805_YAGEORC_N)
Added Pin To Net: NetName=LEDVOUT- Pin=R3-1
Added Pin To Net: NetName=NetQ1_1 Pin=R3-2
Change Net Name : Old Net Name=NetC?_1 New Net Name=NetC2_1
Added Member To Class: ClassName=Circadian2 Member=Component FB1 
Added Member To Class: ClassName=Circadian2 Member=Component FB2 
Added Member To Class: ClassName=Circadian2 Member=Component FB3 
Added Member To Class: ClassName=Circadian2 Member=Component R2 10R
Added Member To Class: ClassName=Circadian2 Member=Component R3 10R
Added Member To Class: ClassName=Circadian2 Member=Component R4 10R
