Removed Pin From Net: NetName=NetQ?_3 Pin=Q?-3
Removed Pin From Net: NetName=NetL10_1 Pin=Q?-4
Removed Pin From Net: NetName=NetL20_1 Pin=Q?-5
Removed Pin From Net: NetName=NetL20_1 Pin=Q?-6
Removed Pin From Net: NetName=LEDVOUT- Pin=R?-1
Removed Pin From Net: NetName=NetQ?_3 Pin=R?-2
Added Component: Designator=*(PTSM - 4 Way Vertical)
Added Component: Designator=FB?(RES_SM0603_YAGEORC_N)
Added Component: Designator=FB?(RES_SM0603_YAGEORC_N)
Added Component: Designator=FB?(RES_SM0603_YAGEORC_N)
Added Component: Designator=FB?(RES_SM0603_YAGEORC_N)
Added Component: Designator=Q?(SOIC8)
Added Component: Designator=R?(RES_SM0805_YAGEORC_N)
Added Pin To Net: NetName=NetQ?_3 Pin=Q?-3
Added Pin To Net: NetName=NetL10_1 Pin=Q?-4
Added Pin To Net: NetName=NetL20_1 Pin=Q?-5
Added Pin To Net: NetName=NetL20_1 Pin=Q?-6
Added Pin To Net: NetName=LEDVOUT- Pin=R?-1
Added Pin To Net: NetName=NetQ?_1 Pin=R?-2
Added Pin To Net: NetName=NetQ?_3 Pin=R?-2
Added Member To Class: ClassName=Circadian2 Member=Component * PTSM 4 Way
Added Member To Class: ClassName=Circadian2 Member=Component FB? 
Added Member To Class: ClassName=Circadian2 Member=Component FB? 
Added Member To Class: ClassName=Circadian2 Member=Component FB? 
Added Member To Class: ClassName=Circadian2 Member=Component FB? 
Added Member To Class: ClassName=Circadian2 Member=Component Q? NSS40301
Added Member To Class: ClassName=Circadian2 Member=Component R? 10R
Added Member To Class: ClassName=Circadian2 Member=Component R? 10R
Added Member To Class: ClassName=Circadian2 Member=Component R? 10R
Added Room: Name=Circadian2
