Replace Part * PTSM 4 Way in Z:\Google Drive\Pesquisa\Circadian2\Eletronica\Proto2\PCB_Project\Circadian2.SchDoc with PTSM 4 Way from wes.SchLib
Replace Part C1 C1210 in Z:\Google Drive\Pesquisa\Circadian2\Eletronica\Proto2\PCB_Project\Circadian2.SchDoc with C1210 from KEMET Chip Capacitor.IntLib
Replace Part C2 CC0603KRX7R9BB104 in Z:\Google Drive\Pesquisa\Circadian2\Eletronica\Proto2\PCB_Project\Circadian2.SchDoc with CC0603KRX7R9BB104 from Integrated_Library_Yageo.IntLib
Replace Part C3 CC0603KRX7R9BB104 in Z:\Google Drive\Pesquisa\Circadian2\Eletronica\Proto2\PCB_Project\Circadian2.SchDoc with CC0603KRX7R9BB104 from Integrated_Library_Yageo.IntLib
Replace Part FB1 RC0603FR-0710RL in Z:\Google Drive\Pesquisa\Circadian2\Eletronica\Proto2\PCB_Project\Circadian2.SchDoc with RC0603FR-0710RL from Integrated_Library_Yageo.IntLib
Replace Part FB2 RC0603FR-0710RL in Z:\Google Drive\Pesquisa\Circadian2\Eletronica\Proto2\PCB_Project\Circadian2.SchDoc with RC0603FR-0710RL from Integrated_Library_Yageo.IntLib
Replace Part FB3 RC0603FR-0710RL in Z:\Google Drive\Pesquisa\Circadian2\Eletronica\Proto2\PCB_Project\Circadian2.SchDoc with RC0603FR-0710RL from Integrated_Library_Yageo.IntLib
Replace Part FB4 RC0603FR-0710RL in Z:\Google Drive\Pesquisa\Circadian2\Eletronica\Proto2\PCB_Project\Circadian2.SchDoc with RC0603FR-0710RL from Integrated_Library_Yageo.IntLib
Replace Part L1 GW JTLPS1.CM LED in Z:\Google Drive\Pesquisa\Circadian2\Eletronica\Proto2\PCB_Project\Circadian2.SchDoc with GW JTLPS1.CM LED from wes.SchLib
Replace Part L2 GW JTLPS1.CM LED in Z:\Google Drive\Pesquisa\Circadian2\Eletronica\Proto2\PCB_Project\Circadian2.SchDoc with GW JTLPS1.CM LED from wes.SchLib
Replace Part L3 GW JTLPS1.CM LED in Z:\Google Drive\Pesquisa\Circadian2\Eletronica\Proto2\PCB_Project\Circadian2.SchDoc with GW JTLPS1.CM LED from wes.SchLib
Replace Part L4 GW JTLPS1.CM LED in Z:\Google Drive\Pesquisa\Circadian2\Eletronica\Proto2\PCB_Project\Circadian2.SchDoc with GW JTLPS1.CM LED from wes.SchLib
Replace Part L5 GW JTLPS1.CM LED in Z:\Google Drive\Pesquisa\Circadian2\Eletronica\Proto2\PCB_Project\Circadian2.SchDoc with GW JTLPS1.CM LED from wes.SchLib
Replace Part L6 GW JTLPS1.CM LED in Z:\Google Drive\Pesquisa\Circadian2\Eletronica\Proto2\PCB_Project\Circadian2.SchDoc with GW JTLPS1.CM LED from wes.SchLib
Replace Part L7 GW JTLPS1.CM LED in Z:\Google Drive\Pesquisa\Circadian2\Eletronica\Proto2\PCB_Project\Circadian2.SchDoc with GW JTLPS1.CM LED from wes.SchLib
Replace Part L8 GW JTLPS1.CM LED in Z:\Google Drive\Pesquisa\Circadian2\Eletronica\Proto2\PCB_Project\Circadian2.SchDoc with GW JTLPS1.CM LED from wes.SchLib
Replace Part L9 GW JTLPS1.CM LED in Z:\Google Drive\Pesquisa\Circadian2\Eletronica\Proto2\PCB_Project\Circadian2.SchDoc with GW JTLPS1.CM LED from wes.SchLib
Replace Part L10 GW JTLPS1.CM LED in Z:\Google Drive\Pesquisa\Circadian2\Eletronica\Proto2\PCB_Project\Circadian2.SchDoc with GW JTLPS1.CM LED from wes.SchLib
Replace Part L11 GW JTLPS1.CM LED in Z:\Google Drive\Pesquisa\Circadian2\Eletronica\Proto2\PCB_Project\Circadian2.SchDoc with GW JTLPS1.CM LED from wes.SchLib
Replace Part L12 GW JTLPS1.CM LED in Z:\Google Drive\Pesquisa\Circadian2\Eletronica\Proto2\PCB_Project\Circadian2.SchDoc with GW JTLPS1.CM LED from wes.SchLib
Replace Part L13 GW JTLPS1.CM LED in Z:\Google Drive\Pesquisa\Circadian2\Eletronica\Proto2\PCB_Project\Circadian2.SchDoc with GW JTLPS1.CM LED from wes.SchLib
Replace Part L14 GW JTLPS1.CM LED in Z:\Google Drive\Pesquisa\Circadian2\Eletronica\Proto2\PCB_Project\Circadian2.SchDoc with GW JTLPS1.CM LED from wes.SchLib
Replace Part L15 GW JTLPS1.CM LED in Z:\Google Drive\Pesquisa\Circadian2\Eletronica\Proto2\PCB_Project\Circadian2.SchDoc with GW JTLPS1.CM LED from wes.SchLib
Replace Part L16 GW JTLPS1.CM LED in Z:\Google Drive\Pesquisa\Circadian2\Eletronica\Proto2\PCB_Project\Circadian2.SchDoc with GW JTLPS1.CM LED from wes.SchLib
Replace Part L17 GW JTLPS1.CM LED in Z:\Google Drive\Pesquisa\Circadian2\Eletronica\Proto2\PCB_Project\Circadian2.SchDoc with GW JTLPS1.CM LED from wes.SchLib
Replace Part L18 GW JTLPS1.CM LED in Z:\Google Drive\Pesquisa\Circadian2\Eletronica\Proto2\PCB_Project\Circadian2.SchDoc with GW JTLPS1.CM LED from wes.SchLib
Replace Part L19 GW JTLPS1.CM LED in Z:\Google Drive\Pesquisa\Circadian2\Eletronica\Proto2\PCB_Project\Circadian2.SchDoc with GW JTLPS1.CM LED from wes.SchLib
Replace Part L20 GW JTLPS1.CM LED in Z:\Google Drive\Pesquisa\Circadian2\Eletronica\Proto2\PCB_Project\Circadian2.SchDoc with GW JTLPS1.CM LED from wes.SchLib
Replace Part Q1 NSS40301 in Z:\Google Drive\Pesquisa\Circadian2\Eletronica\Proto2\PCB_Project\Circadian2.SchDoc with NSS40301 from wes.SchLib
Replace Part Q1 NSS40301 in Z:\Google Drive\Pesquisa\Circadian2\Eletronica\Proto2\PCB_Project\Circadian2.SchDoc with NSS40301 from wes.SchLib
Replace Part R1 RC0603FR-0710RL in Z:\Google Drive\Pesquisa\Circadian2\Eletronica\Proto2\PCB_Project\Circadian2.SchDoc with RC0603FR-0710RL from Integrated_Library_Yageo.IntLib
Replace Part R2 RC0603FR-0710RL in Z:\Google Drive\Pesquisa\Circadian2\Eletronica\Proto2\PCB_Project\Circadian2.SchDoc with RC0603FR-0710RL from Integrated_Library_Yageo.IntLib
Replace Part R3 RC0805FR-0710RL in Z:\Google Drive\Pesquisa\Circadian2\Eletronica\Proto2\PCB_Project\Circadian2.SchDoc with RC0805FR-0710RL from Integrated_Library_Yageo.IntLib
Replace Part R4 RC0805FR-0710RL in Z:\Google Drive\Pesquisa\Circadian2\Eletronica\Proto2\PCB_Project\Circadian2.SchDoc with RC0805FR-0710RL from Integrated_Library_Yageo.IntLib
Replace Part RC1 RCD-24PL_01 in Z:\Google Drive\Pesquisa\Circadian2\Eletronica\Proto2\PCB_Project\Circadian2.SchDoc with RCD-24PL_01 from wes.SchLib
